INFO:root:~~~~~~ The result for the file with the name = instances/block-10-14-1.txt ~~~~~~~~~
INFO:root:Domain of queen with 0 is set()
INFO:root:Domain of queen with 1 is set()
INFO:root:Domain of queen with 2 is set()
INFO:root:Domain of queen with 3 is set()
INFO:root:Domain of queen with 4 is set()
INFO:root:Domain of queen with 5 is set()
INFO:root:Domain of queen with 6 is set()
INFO:root:Domain of queen with 7 is set()
INFO:root:Domain of queen with 8 is set()
INFO:root:Domain of queen with 9 is {3}
INFO:root:[None, 'xx', None, None, None, None, None, None, None, None]
INFO:root:[None, None, None, None, None, 'xx', None, None, None, None]
INFO:root:[None, None, None, None, None, None, None, None, 'xx', None]
INFO:root:['xx', None, None, None, None, None, None, None, None, None]
INFO:root:[None, None, None, None, None, None, None, 'xx', None, None]
INFO:root:[None, None, None, None, 'xx', None, None, None, None, None]
INFO:root:[None, None, 'xx', None, None, None, None, None, None, None]
INFO:root:[None, None, None, None, None, None, None, None, None, 'xx']
INFO:root:[None, None, None, None, None, None, 'xx', None, None, None]
INFO:root:[None, None, None, 'xx', None, None, None, None, None, None]
INFO:root:Queen with index 0 placed on column 1
INFO:root:Queen with index 1 placed on column 5
INFO:root:Queen with index 2 placed on column 8
INFO:root:Queen with index 3 placed on column 0
INFO:root:Queen with index 4 placed on column 7
INFO:root:Queen with index 5 placed on column 4
INFO:root:Queen with index 6 placed on column 2
INFO:root:Queen with index 7 placed on column 9
INFO:root:Queen with index 8 placed on column 6
INFO:root:Queen with index 9 placed on column 3
INFO:root:~~~~~~~~~~~~~~~~~~~~~~~~~~~~~~~~~~~~~~~~~~~~~~~~~~~~~~~~~~~~
INFO:root:~~~~~~ The result for the file with the name = instances/block-10-18-7.txt ~~~~~~~~~
INFO:root:Domain of queen with 0 is set()
INFO:root:Domain of queen with 1 is {2}
INFO:root:Domain of queen with 2 is set()
INFO:root:Domain of queen with 3 is set()
INFO:root:Domain of queen with 4 is set()
INFO:root:Domain of queen with 5 is set()
INFO:root:Domain of queen with 6 is set()
INFO:root:Domain of queen with 7 is set()
INFO:root:Domain of queen with 8 is set()
INFO:root:Domain of queen with 9 is set()
INFO:root:[None, None, None, None, None, None, 'xx', None, None, None]
INFO:root:[None, None, 'xx', None, None, None, None, None, None, None]
INFO:root:['xx', None, None, None, None, None, None, None, None, None]
INFO:root:[None, None, None, None, None, 'xx', None, None, None, None]
INFO:root:[None, None, None, None, None, None, None, None, 'xx', None]
INFO:root:[None, None, None, None, 'xx', None, None, None, None, None]
INFO:root:[None, None, None, None, None, None, None, None, None, 'xx']
INFO:root:[None, None, None, None, None, None, None, 'xx', None, None]
INFO:root:[None, None, None, 'xx', None, None, None, None, None, None]
INFO:root:[None, 'xx', None, None, None, None, None, None, None, None]
INFO:root:Queen with index 0 placed on column 6
INFO:root:Queen with index 1 placed on column 2
INFO:root:Queen with index 2 placed on column 0
INFO:root:Queen with index 3 placed on column 5
INFO:root:Queen with index 4 placed on column 8
INFO:root:Queen with index 5 placed on column 4
INFO:root:Queen with index 6 placed on column 9
INFO:root:Queen with index 7 placed on column 7
INFO:root:Queen with index 8 placed on column 3
INFO:root:Queen with index 9 placed on column 1
INFO:root:~~~~~~~~~~~~~~~~~~~~~~~~~~~~~~~~~~~~~~~~~~~~~~~~~~~~~~~~~~~~
INFO:root:~~~~~~ The result for the file with the name = instances/block-10-2-4.txt ~~~~~~~~~
INFO:root:Domain of queen with 0 is {3}
INFO:root:Domain of queen with 1 is set()
INFO:root:Domain of queen with 2 is set()
INFO:root:Domain of queen with 3 is set()
INFO:root:Domain of queen with 4 is set()
INFO:root:Domain of queen with 5 is set()
INFO:root:Domain of queen with 6 is set()
INFO:root:Domain of queen with 7 is set()
INFO:root:Domain of queen with 8 is set()
INFO:root:Domain of queen with 9 is set()
INFO:root:[None, None, None, 'xx', None, None, None, None, None, None]
INFO:root:[None, 'xx', None, None, None, None, None, None, None, None]
INFO:root:[None, None, None, None, None, None, None, None, None, 'xx']
INFO:root:[None, None, None, None, None, 'xx', None, None, None, None]
INFO:root:[None, None, None, None, None, None, None, None, 'xx', None]
INFO:root:[None, None, None, None, 'xx', None, None, None, None, None]
INFO:root:[None, None, None, None, None, None, None, 'xx', None, None]
INFO:root:['xx', None, None, None, None, None, None, None, None, None]
INFO:root:[None, None, 'xx', None, None, None, None, None, None, None]
INFO:root:[None, None, None, None, None, None, 'xx', None, None, None]
INFO:root:Queen with index 0 placed on column 3
INFO:root:Queen with index 1 placed on column 1
INFO:root:Queen with index 2 placed on column 9
INFO:root:Queen with index 3 placed on column 5
INFO:root:Queen with index 4 placed on column 8
INFO:root:Queen with index 5 placed on column 4
INFO:root:Queen with index 6 placed on column 7
INFO:root:Queen with index 7 placed on column 0
INFO:root:Queen with index 8 placed on column 2
INFO:root:Queen with index 9 placed on column 6
INFO:root:~~~~~~~~~~~~~~~~~~~~~~~~~~~~~~~~~~~~~~~~~~~~~~~~~~~~~~~~~~~~
INFO:root:~~~~~~ The result for the file with the name = instances/block-10-26-2.txt ~~~~~~~~~
INFO:root:Domain of queen with 0 is set()
INFO:root:Domain of queen with 1 is set()
INFO:root:Domain of queen with 2 is set()
INFO:root:Domain of queen with 3 is set()
INFO:root:Domain of queen with 4 is set()
INFO:root:Domain of queen with 5 is set()
INFO:root:Domain of queen with 6 is set()
INFO:root:Domain of queen with 7 is set()
INFO:root:Domain of queen with 8 is {6}
INFO:root:Domain of queen with 9 is set()
INFO:root:[None, None, None, None, None, None, None, None, 'xx', None]
INFO:root:[None, None, None, None, None, 'xx', None, None, None, None]
INFO:root:[None, None, 'xx', None, None, None, None, None, None, None]
INFO:root:[None, None, None, None, None, None, None, None, None, 'xx']
INFO:root:[None, None, None, 'xx', None, None, None, None, None, None]
INFO:root:['xx', None, None, None, None, None, None, None, None, None]
INFO:root:[None, None, None, None, None, None, None, 'xx', None, None]
INFO:root:[None, None, None, None, 'xx', None, None, None, None, None]
INFO:root:[None, None, None, None, None, None, 'xx', None, None, None]
INFO:root:[None, 'xx', None, None, None, None, None, None, None, None]
INFO:root:Queen with index 0 placed on column 8
INFO:root:Queen with index 1 placed on column 5
INFO:root:Queen with index 2 placed on column 2
INFO:root:Queen with index 3 placed on column 9
INFO:root:Queen with index 4 placed on column 3
INFO:root:Queen with index 5 placed on column 0
INFO:root:Queen with index 6 placed on column 7
INFO:root:Queen with index 7 placed on column 4
INFO:root:Queen with index 8 placed on column 6
INFO:root:Queen with index 9 placed on column 1
INFO:root:~~~~~~~~~~~~~~~~~~~~~~~~~~~~~~~~~~~~~~~~~~~~~~~~~~~~~~~~~~~~
INFO:root:~~~~~~ The result for the file with the name = instances/block-10-36-2.txt ~~~~~~~~~
INFO:root:Domain of queen with 0 is set()
INFO:root:Domain of queen with 1 is set()
INFO:root:Domain of queen with 2 is set()
INFO:root:Domain of queen with 3 is set()
INFO:root:Domain of queen with 4 is set()
INFO:root:Domain of queen with 5 is set()
INFO:root:Domain of queen with 6 is set()
INFO:root:Domain of queen with 7 is set()
INFO:root:Domain of queen with 8 is {6}
INFO:root:Domain of queen with 9 is set()
INFO:root:[None, None, None, None, None, None, None, None, 'xx', None]
INFO:root:[None, None, None, None, None, 'xx', None, None, None, None]
INFO:root:[None, None, 'xx', None, None, None, None, None, None, None]
INFO:root:[None, None, None, None, None, None, None, None, None, 'xx']
INFO:root:[None, None, None, 'xx', None, None, None, None, None, None]
INFO:root:['xx', None, None, None, None, None, None, None, None, None]
INFO:root:[None, None, None, None, None, None, None, 'xx', None, None]
INFO:root:[None, None, None, None, 'xx', None, None, None, None, None]
INFO:root:[None, None, None, None, None, None, 'xx', None, None, None]
INFO:root:[None, 'xx', None, None, None, None, None, None, None, None]
INFO:root:Queen with index 0 placed on column 8
INFO:root:Queen with index 1 placed on column 5
INFO:root:Queen with index 2 placed on column 2
INFO:root:Queen with index 3 placed on column 9
INFO:root:Queen with index 4 placed on column 3
INFO:root:Queen with index 5 placed on column 0
INFO:root:Queen with index 6 placed on column 7
INFO:root:Queen with index 7 placed on column 4
INFO:root:Queen with index 8 placed on column 6
INFO:root:Queen with index 9 placed on column 1
INFO:root:~~~~~~~~~~~~~~~~~~~~~~~~~~~~~~~~~~~~~~~~~~~~~~~~~~~~~~~~~~~~
INFO:root:~~~~~~ The result for the file with the name = instances/block-10-4-1.txt ~~~~~~~~~
INFO:root:Domain of queen with 0 is set()
INFO:root:Domain of queen with 1 is set()
INFO:root:Domain of queen with 2 is {8}
INFO:root:Domain of queen with 3 is set()
INFO:root:Domain of queen with 4 is set()
INFO:root:Domain of queen with 5 is set()
INFO:root:Domain of queen with 6 is set()
INFO:root:Domain of queen with 7 is set()
INFO:root:Domain of queen with 8 is set()
INFO:root:Domain of queen with 9 is set()
INFO:root:[None, None, 'xx', None, None, None, None, None, None, None]
INFO:root:[None, None, None, None, None, 'xx', None, None, None, None]
INFO:root:[None, None, None, None, None, None, None, None, 'xx', None]
INFO:root:[None, 'xx', None, None, None, None, None, None, None, None]
INFO:root:[None, None, None, None, None, None, None, 'xx', None, None]
INFO:root:['xx', None, None, None, None, None, None, None, None, None]
INFO:root:[None, None, None, 'xx', None, None, None, None, None, None]
INFO:root:[None, None, None, None, None, None, 'xx', None, None, None]
INFO:root:[None, None, None, None, 'xx', None, None, None, None, None]
INFO:root:[None, None, None, None, None, None, None, None, None, 'xx']
INFO:root:Queen with index 0 placed on column 2
INFO:root:Queen with index 1 placed on column 5
INFO:root:Queen with index 2 placed on column 8
INFO:root:Queen with index 3 placed on column 1
INFO:root:Queen with index 4 placed on column 7
INFO:root:Queen with index 5 placed on column 0
INFO:root:Queen with index 6 placed on column 3
INFO:root:Queen with index 7 placed on column 6
INFO:root:Queen with index 8 placed on column 4
INFO:root:Queen with index 9 placed on column 9
INFO:root:~~~~~~~~~~~~~~~~~~~~~~~~~~~~~~~~~~~~~~~~~~~~~~~~~~~~~~~~~~~~
INFO:root:~~~~~~ The result for the file with the name = instances/block-10-4-3.txt ~~~~~~~~~
INFO:root:Domain of queen with 0 is set()
INFO:root:Domain of queen with 1 is set()
INFO:root:Domain of queen with 2 is set()
INFO:root:Domain of queen with 3 is set()
INFO:root:Domain of queen with 4 is set()
INFO:root:Domain of queen with 5 is set()
INFO:root:Domain of queen with 6 is set()
INFO:root:Domain of queen with 7 is set()
INFO:root:Domain of queen with 8 is set()
INFO:root:Domain of queen with 9 is {6}
INFO:root:[None, 'xx', None, None, None, None, None, None, None, None]
INFO:root:[None, None, None, None, None, 'xx', None, None, None, None]
INFO:root:[None, None, None, None, None, None, None, 'xx', None, None]
INFO:root:[None, None, 'xx', None, None, None, None, None, None, None]
INFO:root:['xx', None, None, None, None, None, None, None, None, None]
INFO:root:[None, None, None, None, None, None, None, None, 'xx', None]
INFO:root:[None, None, None, None, 'xx', None, None, None, None, None]
INFO:root:[None, None, None, None, None, None, None, None, None, 'xx']
INFO:root:[None, None, None, 'xx', None, None, None, None, None, None]
INFO:root:[None, None, None, None, None, None, 'xx', None, None, None]
INFO:root:Queen with index 0 placed on column 1
INFO:root:Queen with index 1 placed on column 5
INFO:root:Queen with index 2 placed on column 7
INFO:root:Queen with index 3 placed on column 2
INFO:root:Queen with index 4 placed on column 0
INFO:root:Queen with index 5 placed on column 8
INFO:root:Queen with index 6 placed on column 4
INFO:root:Queen with index 7 placed on column 9
INFO:root:Queen with index 8 placed on column 3
INFO:root:Queen with index 9 placed on column 6
INFO:root:~~~~~~~~~~~~~~~~~~~~~~~~~~~~~~~~~~~~~~~~~~~~~~~~~~~~~~~~~~~~
INFO:root:~~~~~~ The result for the file with the name = instances/block-10-46-2.txt ~~~~~~~~~
INFO:root:Domain of queen with 0 is set()
INFO:root:Domain of queen with 1 is set()
INFO:root:Domain of queen with 2 is set()
INFO:root:Domain of queen with 3 is set()
INFO:root:Domain of queen with 4 is set()
INFO:root:Domain of queen with 5 is set()
INFO:root:Domain of queen with 6 is set()
INFO:root:Domain of queen with 7 is set()
INFO:root:Domain of queen with 8 is {6}
INFO:root:Domain of queen with 9 is set()
INFO:root:[None, None, None, None, None, None, None, None, 'xx', None]
INFO:root:[None, None, None, None, None, 'xx', None, None, None, None]
INFO:root:[None, None, 'xx', None, None, None, None, None, None, None]
INFO:root:[None, None, None, None, None, None, None, None, None, 'xx']
INFO:root:[None, None, None, 'xx', None, None, None, None, None, None]
INFO:root:['xx', None, None, None, None, None, None, None, None, None]
INFO:root:[None, None, None, None, None, None, None, 'xx', None, None]
INFO:root:[None, None, None, None, 'xx', None, None, None, None, None]
INFO:root:[None, None, None, None, None, None, 'xx', None, None, None]
INFO:root:[None, 'xx', None, None, None, None, None, None, None, None]
INFO:root:Queen with index 0 placed on column 8
INFO:root:Queen with index 1 placed on column 5
INFO:root:Queen with index 2 placed on column 2
INFO:root:Queen with index 3 placed on column 9
INFO:root:Queen with index 4 placed on column 3
INFO:root:Queen with index 5 placed on column 0
INFO:root:Queen with index 6 placed on column 7
INFO:root:Queen with index 7 placed on column 4
INFO:root:Queen with index 8 placed on column 6
INFO:root:Queen with index 9 placed on column 1
INFO:root:~~~~~~~~~~~~~~~~~~~~~~~~~~~~~~~~~~~~~~~~~~~~~~~~~~~~~~~~~~~~
INFO:root:~~~~~~ The result for the file with the name = instances/block-10-56-2.txt ~~~~~~~~~
INFO:root:Domain of queen with 0 is set()
INFO:root:Domain of queen with 1 is set()
INFO:root:Domain of queen with 2 is set()
INFO:root:Domain of queen with 3 is set()
INFO:root:Domain of queen with 4 is set()
INFO:root:Domain of queen with 5 is set()
INFO:root:Domain of queen with 6 is set()
INFO:root:Domain of queen with 7 is set()
INFO:root:Domain of queen with 8 is set()
INFO:root:Domain of queen with 9 is {8}
INFO:root:[None, None, None, 'xx', None, None, None, None, None, None]
INFO:root:[None, None, None, None, None, 'xx', None, None, None, None]
INFO:root:[None, None, None, None, None, None, None, None, None, 'xx']
INFO:root:[None, None, None, None, 'xx', None, None, None, None, None]
INFO:root:[None, None, None, None, None, None, 'xx', None, None, None]
INFO:root:['xx', None, None, None, None, None, None, None, None, None]
INFO:root:[None, None, 'xx', None, None, None, None, None, None, None]
INFO:root:[None, None, None, None, None, None, None, 'xx', None, None]
INFO:root:[None, 'xx', None, None, None, None, None, None, None, None]
INFO:root:[None, None, None, None, None, None, None, None, 'xx', None]
INFO:root:Queen with index 0 placed on column 3
INFO:root:Queen with index 1 placed on column 5
INFO:root:Queen with index 2 placed on column 9
INFO:root:Queen with index 3 placed on column 4
INFO:root:Queen with index 4 placed on column 6
INFO:root:Queen with index 5 placed on column 0
INFO:root:Queen with index 6 placed on column 2
INFO:root:Queen with index 7 placed on column 7
INFO:root:Queen with index 8 placed on column 1
INFO:root:Queen with index 9 placed on column 8
INFO:root:~~~~~~~~~~~~~~~~~~~~~~~~~~~~~~~~~~~~~~~~~~~~~~~~~~~~~~~~~~~~
INFO:root:~~~~~~ The result for the file with the name = instances/block-10-6-2.txt ~~~~~~~~~
INFO:root:Domain of queen with 0 is set()
INFO:root:Domain of queen with 1 is set()
INFO:root:Domain of queen with 2 is set()
INFO:root:Domain of queen with 3 is set()
INFO:root:Domain of queen with 4 is set()
INFO:root:Domain of queen with 5 is set()
INFO:root:Domain of queen with 6 is set()
INFO:root:Domain of queen with 7 is set()
INFO:root:Domain of queen with 8 is set()
INFO:root:Domain of queen with 9 is {9}
INFO:root:[None, None, 'xx', None, None, None, None, None, None, None]
INFO:root:[None, None, None, None, 'xx', None, None, None, None, None]
INFO:root:[None, None, None, None, None, None, None, 'xx', None, None]
INFO:root:[None, 'xx', None, None, None, None, None, None, None, None]
INFO:root:[None, None, None, None, None, None, None, None, 'xx', None]
INFO:root:[None, None, None, None, None, None, 'xx', None, None, None]
INFO:root:['xx', None, None, None, None, None, None, None, None, None]
INFO:root:[None, None, None, 'xx', None, None, None, None, None, None]
INFO:root:[None, None, None, None, None, 'xx', None, None, None, None]
INFO:root:[None, None, None, None, None, None, None, None, None, 'xx']
INFO:root:Queen with index 0 placed on column 2
INFO:root:Queen with index 1 placed on column 4
INFO:root:Queen with index 2 placed on column 7
INFO:root:Queen with index 3 placed on column 1
INFO:root:Queen with index 4 placed on column 8
INFO:root:Queen with index 5 placed on column 6
INFO:root:Queen with index 6 placed on column 0
INFO:root:Queen with index 7 placed on column 3
INFO:root:Queen with index 8 placed on column 5
INFO:root:Queen with index 9 placed on column 9
INFO:root:~~~~~~~~~~~~~~~~~~~~~~~~~~~~~~~~~~~~~~~~~~~~~~~~~~~~~~~~~~~~
INFO:root:~~~~~~ The result for the file with the name = instances/block-15-18-2.txt ~~~~~~~~~
INFO:root:Domain of queen with 0 is set()
INFO:root:Domain of queen with 1 is {6}
INFO:root:Domain of queen with 2 is set()
INFO:root:Domain of queen with 3 is set()
INFO:root:Domain of queen with 4 is set()
INFO:root:Domain of queen with 5 is set()
INFO:root:Domain of queen with 6 is set()
INFO:root:Domain of queen with 7 is set()
INFO:root:Domain of queen with 8 is set()
INFO:root:Domain of queen with 9 is set()
INFO:root:Domain of queen with 10 is set()
INFO:root:Domain of queen with 11 is set()
INFO:root:Domain of queen with 12 is set()
INFO:root:Domain of queen with 13 is set()
INFO:root:Domain of queen with 14 is set()
INFO:root:['xx', None, None, None, None, None, None, None, None, None, None, None, None, None, None]
INFO:root:[None, None, None, None, None, None, 'xx', None, None, None, None, None, None, None, None]
INFO:root:[None, None, None, None, None, None, None, None, None, None, None, None, None, 'xx', None]
INFO:root:[None, 'xx', None, None, None, None, None, None, None, None, None, None, None, None, None]
INFO:root:[None, None, None, None, None, 'xx', None, None, None, None, None, None, None, None, None]
INFO:root:[None, None, None, None, None, None, None, None, None, None, None, None, 'xx', None, None]
INFO:root:[None, None, None, None, None, None, None, None, 'xx', None, None, None, None, None, None]
INFO:root:[None, None, None, 'xx', None, None, None, None, None, None, None, None, None, None, None]
INFO:root:[None, None, None, None, None, None, None, None, None, None, None, 'xx', None, None, None]
INFO:root:[None, None, 'xx', None, None, None, None, None, None, None, None, None, None, None, None]
INFO:root:[None, None, None, None, None, None, None, None, None, None, None, None, None, None, 'xx']
INFO:root:[None, None, None, None, None, None, None, None, None, None, 'xx', None, None, None, None]
INFO:root:[None, None, None, None, 'xx', None, None, None, None, None, None, None, None, None, None]
INFO:root:[None, None, None, None, None, None, None, 'xx', None, None, None, None, None, None, None]
INFO:root:[None, None, None, None, None, None, None, None, None, 'xx', None, None, None, None, None]
INFO:root:Queen with index 0 placed on column 0
INFO:root:Queen with index 1 placed on column 6
INFO:root:Queen with index 2 placed on column 13
INFO:root:Queen with index 3 placed on column 1
INFO:root:Queen with index 4 placed on column 5
INFO:root:Queen with index 5 placed on column 12
INFO:root:Queen with index 6 placed on column 8
INFO:root:Queen with index 7 placed on column 3
INFO:root:Queen with index 8 placed on column 11
INFO:root:Queen with index 9 placed on column 2
INFO:root:Queen with index 10 placed on column 14
INFO:root:Queen with index 11 placed on column 10
INFO:root:Queen with index 12 placed on column 4
INFO:root:Queen with index 13 placed on column 7
INFO:root:Queen with index 14 placed on column 9
INFO:root:~~~~~~~~~~~~~~~~~~~~~~~~~~~~~~~~~~~~~~~~~~~~~~~~~~~~~~~~~~~~
INFO:root:~~~~~~ The result for the file with the name = instances/block-15-27-38.txt ~~~~~~~~~
INFO:root:Domain of queen with 0 is set()
INFO:root:Domain of queen with 1 is set()
INFO:root:Domain of queen with 2 is {7}
INFO:root:Domain of queen with 3 is set()
INFO:root:Domain of queen with 4 is set()
INFO:root:Domain of queen with 5 is set()
INFO:root:Domain of queen with 6 is set()
INFO:root:Domain of queen with 7 is set()
INFO:root:Domain of queen with 8 is set()
INFO:root:Domain of queen with 9 is set()
INFO:root:Domain of queen with 10 is set()
INFO:root:Domain of queen with 11 is set()
INFO:root:Domain of queen with 12 is set()
INFO:root:Domain of queen with 13 is set()
INFO:root:Domain of queen with 14 is set()
INFO:root:[None, None, None, None, None, None, 'xx', None, None, None, None, None, None, None, None]
INFO:root:['xx', None, None, None, None, None, None, None, None, None, None, None, None, None, None]
INFO:root:[None, None, None, None, None, None, None, 'xx', None, None, None, None, None, None, None]
INFO:root:[None, None, None, None, None, None, None, None, None, None, None, None, None, None, 'xx']
INFO:root:[None, None, None, None, None, None, None, None, None, None, None, 'xx', None, None, None]
INFO:root:[None, None, None, None, None, 'xx', None, None, None, None, None, None, None, None, None]
INFO:root:[None, 'xx', None, None, None, None, None, None, None, None, None, None, None, None, None]
INFO:root:[None, None, None, None, 'xx', None, None, None, None, None, None, None, None, None, None]
INFO:root:[None, None, None, None, None, None, None, None, None, None, 'xx', None, None, None, None]
INFO:root:[None, None, None, None, None, None, None, None, None, None, None, None, 'xx', None, None]
INFO:root:[None, None, 'xx', None, None, None, None, None, None, None, None, None, None, None, None]
INFO:root:[None, None, None, None, None, None, None, None, None, 'xx', None, None, None, None, None]
INFO:root:[None, None, None, None, None, None, None, None, None, None, None, None, None, 'xx', None]
INFO:root:[None, None, None, 'xx', None, None, None, None, None, None, None, None, None, None, None]
INFO:root:[None, None, None, None, None, None, None, None, 'xx', None, None, None, None, None, None]
INFO:root:Queen with index 0 placed on column 6
INFO:root:Queen with index 1 placed on column 0
INFO:root:Queen with index 2 placed on column 7
INFO:root:Queen with index 3 placed on column 14
INFO:root:Queen with index 4 placed on column 11
INFO:root:Queen with index 5 placed on column 5
INFO:root:Queen with index 6 placed on column 1
INFO:root:Queen with index 7 placed on column 4
INFO:root:Queen with index 8 placed on column 10
INFO:root:Queen with index 9 placed on column 12
INFO:root:Queen with index 10 placed on column 2
INFO:root:Queen with index 11 placed on column 9
INFO:root:Queen with index 12 placed on column 13
INFO:root:Queen with index 13 placed on column 3
INFO:root:Queen with index 14 placed on column 8
INFO:root:~~~~~~~~~~~~~~~~~~~~~~~~~~~~~~~~~~~~~~~~~~~~~~~~~~~~~~~~~~~~
INFO:root:~~~~~~ The result for the file with the name = instances/block-15-3-1.txt ~~~~~~~~~
INFO:root:Domain of queen with 0 is set()
INFO:root:Domain of queen with 1 is {14}
INFO:root:Domain of queen with 2 is set()
INFO:root:Domain of queen with 3 is set()
INFO:root:Domain of queen with 4 is set()
INFO:root:Domain of queen with 5 is set()
INFO:root:Domain of queen with 6 is set()
INFO:root:Domain of queen with 7 is set()
INFO:root:Domain of queen with 8 is set()
INFO:root:Domain of queen with 9 is set()
INFO:root:Domain of queen with 10 is set()
INFO:root:Domain of queen with 11 is set()
INFO:root:Domain of queen with 12 is set()
INFO:root:Domain of queen with 13 is set()
INFO:root:Domain of queen with 14 is set()
INFO:root:[None, None, None, None, None, None, 'xx', None, None, None, None, None, None, None, None]
INFO:root:[None, None, None, None, None, None, None, None, None, None, None, None, None, None, 'xx']
INFO:root:[None, 'xx', None, None, None, None, None, None, None, None, None, None, None, None, None]
INFO:root:[None, None, None, None, None, None, None, None, 'xx', None, None, None, None, None, None]
INFO:root:[None, None, None, None, None, 'xx', None, None, None, None, None, None, None, None, None]
INFO:root:[None, None, None, 'xx', None, None, None, None, None, None, None, None, None, None, None]
INFO:root:[None, None, None, None, None, None, None, None, None, None, None, None, None, 'xx', None]
INFO:root:[None, None, None, None, None, None, None, 'xx', None, None, None, None, None, None, None]
INFO:root:[None, None, None, None, None, None, None, None, None, None, 'xx', None, None, None, None]
INFO:root:[None, None, None, None, None, None, None, None, None, None, None, None, 'xx', None, None]
INFO:root:['xx', None, None, None, None, None, None, None, None, None, None, None, None, None, None]
INFO:root:[None, None, 'xx', None, None, None, None, None, None, None, None, None, None, None, None]
INFO:root:[None, None, None, None, 'xx', None, None, None, None, None, None, None, None, None, None]
INFO:root:[None, None, None, None, None, None, None, None, None, 'xx', None, None, None, None, None]
INFO:root:[None, None, None, None, None, None, None, None, None, None, None, 'xx', None, None, None]
INFO:root:Queen with index 0 placed on column 6
INFO:root:Queen with index 1 placed on column 14
INFO:root:Queen with index 2 placed on column 1
INFO:root:Queen with index 3 placed on column 8
INFO:root:Queen with index 4 placed on column 5
INFO:root:Queen with index 5 placed on column 3
INFO:root:Queen with index 6 placed on column 13
INFO:root:Queen with index 7 placed on column 7
INFO:root:Queen with index 8 placed on column 10
INFO:root:Queen with index 9 placed on column 12
INFO:root:Queen with index 10 placed on column 0
INFO:root:Queen with index 11 placed on column 2
INFO:root:Queen with index 12 placed on column 4
INFO:root:Queen with index 13 placed on column 9
INFO:root:Queen with index 14 placed on column 11
INFO:root:~~~~~~~~~~~~~~~~~~~~~~~~~~~~~~~~~~~~~~~~~~~~~~~~~~~~~~~~~~~~
INFO:root:~~~~~~ The result for the file with the name = instances/block-15-3-19.txt ~~~~~~~~~
INFO:root:Domain of queen with 0 is set()
INFO:root:Domain of queen with 1 is set()
INFO:root:Domain of queen with 2 is set()
INFO:root:Domain of queen with 3 is set()
INFO:root:Domain of queen with 4 is set()
INFO:root:Domain of queen with 5 is set()
INFO:root:Domain of queen with 6 is set()
INFO:root:Domain of queen with 7 is set()
INFO:root:Domain of queen with 8 is set()
INFO:root:Domain of queen with 9 is set()
INFO:root:Domain of queen with 10 is set()
INFO:root:Domain of queen with 11 is set()
INFO:root:Domain of queen with 12 is {8}
INFO:root:Domain of queen with 13 is set()
INFO:root:Domain of queen with 14 is set()
INFO:root:[None, None, None, None, None, None, None, None, None, 'xx', None, None, None, None, None]
INFO:root:[None, None, None, None, None, None, None, None, None, None, None, 'xx', None, None, None]
INFO:root:['xx', None, None, None, None, None, None, None, None, None, None, None, None, None, None]
INFO:root:[None, None, None, None, None, 'xx', None, None, None, None, None, None, None, None, None]
INFO:root:[None, None, None, 'xx', None, None, None, None, None, None, None, None, None, None, None]
INFO:root:[None, None, None, None, None, None, 'xx', None, None, None, None, None, None, None, None]
INFO:root:[None, None, None, None, None, None, None, None, None, None, 'xx', None, None, None, None]
INFO:root:[None, None, None, None, None, None, None, None, None, None, None, None, 'xx', None, None]
INFO:root:[None, None, 'xx', None, None, None, None, None, None, None, None, None, None, None, None]
INFO:root:[None, None, None, None, 'xx', None, None, None, None, None, None, None, None, None, None]
INFO:root:[None, None, None, None, None, None, None, 'xx', None, None, None, None, None, None, None]
INFO:root:[None, None, None, None, None, None, None, None, None, None, None, None, None, None, 'xx']
INFO:root:[None, None, None, None, None, None, None, None, 'xx', None, None, None, None, None, None]
INFO:root:[None, None, None, None, None, None, None, None, None, None, None, None, None, 'xx', None]
INFO:root:[None, 'xx', None, None, None, None, None, None, None, None, None, None, None, None, None]
INFO:root:Queen with index 0 placed on column 9
INFO:root:Queen with index 1 placed on column 11
INFO:root:Queen with index 2 placed on column 0
INFO:root:Queen with index 3 placed on column 5
INFO:root:Queen with index 4 placed on column 3
INFO:root:Queen with index 5 placed on column 6
INFO:root:Queen with index 6 placed on column 10
INFO:root:Queen with index 7 placed on column 12
INFO:root:Queen with index 8 placed on column 2
INFO:root:Queen with index 9 placed on column 4
INFO:root:Queen with index 10 placed on column 7
INFO:root:Queen with index 11 placed on column 14
INFO:root:Queen with index 12 placed on column 8
INFO:root:Queen with index 13 placed on column 13
INFO:root:Queen with index 14 placed on column 1
INFO:root:~~~~~~~~~~~~~~~~~~~~~~~~~~~~~~~~~~~~~~~~~~~~~~~~~~~~~~~~~~~~
INFO:root:~~~~~~ The result for the file with the name = instances/block-15-36-2.txt ~~~~~~~~~
INFO:root:Domain of queen with 0 is set()
INFO:root:Domain of queen with 1 is set()
INFO:root:Domain of queen with 2 is set()
INFO:root:Domain of queen with 3 is set()
INFO:root:Domain of queen with 4 is set()
INFO:root:Domain of queen with 5 is set()
INFO:root:Domain of queen with 6 is set()
INFO:root:Domain of queen with 7 is set()
INFO:root:Domain of queen with 8 is set()
INFO:root:Domain of queen with 9 is set()
INFO:root:Domain of queen with 10 is set()
INFO:root:Domain of queen with 11 is set()
INFO:root:Domain of queen with 12 is set()
INFO:root:Domain of queen with 13 is set()
INFO:root:Domain of queen with 14 is {9}
INFO:root:[None, None, 'xx', None, None, None, None, None, None, None, None, None, None, None, None]
INFO:root:[None, None, None, None, None, None, None, None, 'xx', None, None, None, None, None, None]
INFO:root:[None, None, None, None, None, None, None, None, None, None, None, None, 'xx', None, None]
INFO:root:[None, 'xx', None, None, None, None, None, None, None, None, None, None, None, None, None]
INFO:root:[None, None, None, 'xx', None, None, None, None, None, None, None, None, None, None, None]
INFO:root:[None, None, None, None, None, None, None, None, None, None, None, 'xx', None, None, None]
INFO:root:[None, None, None, None, None, None, 'xx', None, None, None, None, None, None, None, None]
INFO:root:[None, None, None, None, 'xx', None, None, None, None, None, None, None, None, None, None]
INFO:root:[None, None, None, None, None, None, None, None, None, None, None, None, None, 'xx', None]
INFO:root:[None, None, None, None, None, None, None, None, None, None, 'xx', None, None, None, None]
INFO:root:[None, None, None, None, None, None, None, None, None, None, None, None, None, None, 'xx']
INFO:root:[None, None, None, None, None, None, None, 'xx', None, None, None, None, None, None, None]
INFO:root:[None, None, None, None, None, 'xx', None, None, None, None, None, None, None, None, None]
INFO:root:['xx', None, None, None, None, None, None, None, None, None, None, None, None, None, None]
INFO:root:[None, None, None, None, None, None, None, None, None, 'xx', None, None, None, None, None]
INFO:root:Queen with index 0 placed on column 2
INFO:root:Queen with index 1 placed on column 8
INFO:root:Queen with index 2 placed on column 12
INFO:root:Queen with index 3 placed on column 1
INFO:root:Queen with index 4 placed on column 3
INFO:root:Queen with index 5 placed on column 11
INFO:root:Queen with index 6 placed on column 6
INFO:root:Queen with index 7 placed on column 4
INFO:root:Queen with index 8 placed on column 13
INFO:root:Queen with index 9 placed on column 10
INFO:root:Queen with index 10 placed on column 14
INFO:root:Queen with index 11 placed on column 7
INFO:root:Queen with index 12 placed on column 5
INFO:root:Queen with index 13 placed on column 0
INFO:root:Queen with index 14 placed on column 9
INFO:root:~~~~~~~~~~~~~~~~~~~~~~~~~~~~~~~~~~~~~~~~~~~~~~~~~~~~~~~~~~~~
INFO:root:~~~~~~ The result for the file with the name = instances/block-15-42-2.txt ~~~~~~~~~
INFO:root:Domain of queen with 0 is set()
INFO:root:Domain of queen with 1 is set()
INFO:root:Domain of queen with 2 is set()
INFO:root:Domain of queen with 3 is set()
INFO:root:Domain of queen with 4 is set()
INFO:root:Domain of queen with 5 is set()
INFO:root:Domain of queen with 6 is set()
INFO:root:Domain of queen with 7 is set()
INFO:root:Domain of queen with 8 is set()
INFO:root:Domain of queen with 9 is set()
INFO:root:Domain of queen with 10 is set()
INFO:root:Domain of queen with 11 is set()
INFO:root:Domain of queen with 12 is set()
INFO:root:Domain of queen with 13 is {8}
INFO:root:Domain of queen with 14 is set()
INFO:root:[None, None, None, None, None, None, 'xx', None, None, None, None, None, None, None, None]
INFO:root:[None, None, None, None, None, None, None, None, None, None, 'xx', None, None, None, None]
INFO:root:[None, None, None, None, None, None, None, 'xx', None, None, None, None, None, None, None]
INFO:root:[None, None, 'xx', None, None, None, None, None, None, None, None, None, None, None, None]
INFO:root:['xx', None, None, None, None, None, None, None, None, None, None, None, None, None, None]
INFO:root:[None, None, None, None, None, None, None, None, None, None, None, None, 'xx', None, None]
INFO:root:[None, None, None, None, None, None, None, None, None, None, None, None, None, None, 'xx']
INFO:root:[None, None, None, None, None, 'xx', None, None, None, None, None, None, None, None, None]
INFO:root:[None, None, None, None, None, None, None, None, None, None, None, 'xx', None, None, None]
INFO:root:[None, None, None, None, None, None, None, None, None, 'xx', None, None, None, None, None]
INFO:root:[None, None, None, 'xx', None, None, None, None, None, None, None, None, None, None, None]
INFO:root:[None, None, None, None, None, None, None, None, None, None, None, None, None, 'xx', None]
INFO:root:[None, None, None, None, 'xx', None, None, None, None, None, None, None, None, None, None]
INFO:root:[None, None, None, None, None, None, None, None, 'xx', None, None, None, None, None, None]
INFO:root:[None, 'xx', None, None, None, None, None, None, None, None, None, None, None, None, None]
INFO:root:Queen with index 0 placed on column 6
INFO:root:Queen with index 1 placed on column 10
INFO:root:Queen with index 2 placed on column 7
INFO:root:Queen with index 3 placed on column 2
INFO:root:Queen with index 4 placed on column 0
INFO:root:Queen with index 5 placed on column 12
INFO:root:Queen with index 6 placed on column 14
INFO:root:Queen with index 7 placed on column 5
INFO:root:Queen with index 8 placed on column 11
INFO:root:Queen with index 9 placed on column 9
INFO:root:Queen with index 10 placed on column 3
INFO:root:Queen with index 11 placed on column 13
INFO:root:Queen with index 12 placed on column 4
INFO:root:Queen with index 13 placed on column 8
INFO:root:Queen with index 14 placed on column 1
INFO:root:~~~~~~~~~~~~~~~~~~~~~~~~~~~~~~~~~~~~~~~~~~~~~~~~~~~~~~~~~~~~
INFO:root:~~~~~~ The result for the file with the name = instances/block-15-54-2.txt ~~~~~~~~~
INFO:root:Domain of queen with 0 is set()
INFO:root:Domain of queen with 1 is set()
INFO:root:Domain of queen with 2 is set()
INFO:root:Domain of queen with 3 is set()
INFO:root:Domain of queen with 4 is set()
INFO:root:Domain of queen with 5 is set()
INFO:root:Domain of queen with 6 is set()
INFO:root:Domain of queen with 7 is set()
INFO:root:Domain of queen with 8 is set()
INFO:root:Domain of queen with 9 is set()
INFO:root:Domain of queen with 10 is set()
INFO:root:Domain of queen with 11 is set()
INFO:root:Domain of queen with 12 is set()
INFO:root:Domain of queen with 13 is {13}
INFO:root:Domain of queen with 14 is set()
INFO:root:[None, None, None, None, None, None, None, 'xx', None, None, None, None, None, None, None]
INFO:root:[None, None, None, None, None, None, None, None, None, None, 'xx', None, None, None, None]
INFO:root:[None, None, None, None, 'xx', None, None, None, None, None, None, None, None, None, None]
INFO:root:[None, None, 'xx', None, None, None, None, None, None, None, None, None, None, None, None]
INFO:root:['xx', None, None, None, None, None, None, None, None, None, None, None, None, None, None]
INFO:root:[None, None, None, None, None, None, None, None, None, None, None, 'xx', None, None, None]
INFO:root:[None, None, None, None, None, None, None, None, None, None, None, None, None, None, 'xx']
INFO:root:[None, None, None, None, None, 'xx', None, None, None, None, None, None, None, None, None]
INFO:root:[None, None, None, None, None, None, None, None, None, 'xx', None, None, None, None, None]
INFO:root:[None, None, None, None, None, None, None, None, None, None, None, None, 'xx', None, None]
INFO:root:[None, None, None, 'xx', None, None, None, None, None, None, None, None, None, None, None]
INFO:root:[None, None, None, None, None, None, None, None, 'xx', None, None, None, None, None, None]
INFO:root:[None, None, None, None, None, None, 'xx', None, None, None, None, None, None, None, None]
INFO:root:[None, None, None, None, None, None, None, None, None, None, None, None, None, 'xx', None]
INFO:root:[None, 'xx', None, None, None, None, None, None, None, None, None, None, None, None, None]
INFO:root:Queen with index 0 placed on column 7
INFO:root:Queen with index 1 placed on column 10
INFO:root:Queen with index 2 placed on column 4
INFO:root:Queen with index 3 placed on column 2
INFO:root:Queen with index 4 placed on column 0
INFO:root:Queen with index 5 placed on column 11
INFO:root:Queen with index 6 placed on column 14
INFO:root:Queen with index 7 placed on column 5
INFO:root:Queen with index 8 placed on column 9
INFO:root:Queen with index 9 placed on column 12
INFO:root:Queen with index 10 placed on column 3
INFO:root:Queen with index 11 placed on column 8
INFO:root:Queen with index 12 placed on column 6
INFO:root:Queen with index 13 placed on column 13
INFO:root:Queen with index 14 placed on column 1
INFO:root:~~~~~~~~~~~~~~~~~~~~~~~~~~~~~~~~~~~~~~~~~~~~~~~~~~~~~~~~~~~~
INFO:root:~~~~~~ The result for the file with the name = instances/block-15-6-2.txt ~~~~~~~~~
INFO:root:Domain of queen with 0 is set()
INFO:root:Domain of queen with 1 is set()
INFO:root:Domain of queen with 2 is set()
INFO:root:Domain of queen with 3 is set()
INFO:root:Domain of queen with 4 is set()
INFO:root:Domain of queen with 5 is set()
INFO:root:Domain of queen with 6 is set()
INFO:root:Domain of queen with 7 is set()
INFO:root:Domain of queen with 8 is set()
INFO:root:Domain of queen with 9 is set()
INFO:root:Domain of queen with 10 is set()
INFO:root:Domain of queen with 11 is set()
INFO:root:Domain of queen with 12 is set()
INFO:root:Domain of queen with 13 is set()
INFO:root:Domain of queen with 14 is {8}
INFO:root:[None, None, None, 'xx', None, None, None, None, None, None, None, None, None, None, None]
INFO:root:[None, 'xx', None, None, None, None, None, None, None, None, None, None, None, None, None]
INFO:root:[None, None, None, None, 'xx', None, None, None, None, None, None, None, None, None, None]
INFO:root:[None, None, None, None, None, None, None, None, None, None, 'xx', None, None, None, None]
INFO:root:[None, None, None, None, None, 'xx', None, None, None, None, None, None, None, None, None]
INFO:root:[None, None, None, None, None, None, None, None, None, None, None, 'xx', None, None, None]
INFO:root:[None, None, 'xx', None, None, None, None, None, None, None, None, None, None, None, None]
INFO:root:['xx', None, None, None, None, None, None, None, None, None, None, None, None, None, None]
INFO:root:[None, None, None, None, None, None, None, None, None, None, None, None, None, 'xx', None]
INFO:root:[None, None, None, None, None, None, 'xx', None, None, None, None, None, None, None, None]
INFO:root:[None, None, None, None, None, None, None, None, None, None, None, None, None, None, 'xx']
INFO:root:[None, None, None, None, None, None, None, None, None, 'xx', None, None, None, None, None]
INFO:root:[None, None, None, None, None, None, None, 'xx', None, None, None, None, None, None, None]
INFO:root:[None, None, None, None, None, None, None, None, None, None, None, None, 'xx', None, None]
INFO:root:[None, None, None, None, None, None, None, None, 'xx', None, None, None, None, None, None]
INFO:root:Queen with index 0 placed on column 3
INFO:root:Queen with index 1 placed on column 1
INFO:root:Queen with index 2 placed on column 4
INFO:root:Queen with index 3 placed on column 10
INFO:root:Queen with index 4 placed on column 5
INFO:root:Queen with index 5 placed on column 11
INFO:root:Queen with index 6 placed on column 2
INFO:root:Queen with index 7 placed on column 0
INFO:root:Queen with index 8 placed on column 13
INFO:root:Queen with index 9 placed on column 6
INFO:root:Queen with index 10 placed on column 14
INFO:root:Queen with index 11 placed on column 9
INFO:root:Queen with index 12 placed on column 7
INFO:root:Queen with index 13 placed on column 12
INFO:root:Queen with index 14 placed on column 8
INFO:root:~~~~~~~~~~~~~~~~~~~~~~~~~~~~~~~~~~~~~~~~~~~~~~~~~~~~~~~~~~~~
INFO:root:~~~~~~ The result for the file with the name = instances/block-15-72-2.txt ~~~~~~~~~
INFO:root:Domain of queen with 0 is set()
INFO:root:Domain of queen with 1 is set()
INFO:root:Domain of queen with 2 is set()
INFO:root:Domain of queen with 3 is set()
INFO:root:Domain of queen with 4 is set()
INFO:root:Domain of queen with 5 is set()
INFO:root:Domain of queen with 6 is set()
INFO:root:Domain of queen with 7 is set()
INFO:root:Domain of queen with 8 is set()
INFO:root:Domain of queen with 9 is set()
INFO:root:Domain of queen with 10 is set()
INFO:root:Domain of queen with 11 is set()
INFO:root:Domain of queen with 12 is set()
INFO:root:Domain of queen with 13 is {7}
INFO:root:Domain of queen with 14 is set()
INFO:root:[None, None, None, None, None, None, None, None, None, 'xx', None, None, None, None, None]
INFO:root:[None, None, None, None, None, None, 'xx', None, None, None, None, None, None, None, None]
INFO:root:[None, None, None, None, 'xx', None, None, None, None, None, None, None, None, None, None]
INFO:root:[None, None, 'xx', None, None, None, None, None, None, None, None, None, None, None, None]
INFO:root:['xx', None, None, None, None, None, None, None, None, None, None, None, None, None, None]
INFO:root:[None, None, None, 'xx', None, None, None, None, None, None, None, None, None, None, None]
INFO:root:[None, None, None, None, None, None, None, None, None, None, None, None, 'xx', None, None]
INFO:root:[None, None, None, None, None, None, None, None, None, None, None, None, None, None, 'xx']
INFO:root:[None, None, None, None, None, None, None, None, 'xx', None, None, None, None, None, None]
INFO:root:[None, None, None, None, None, None, None, None, None, None, 'xx', None, None, None, None]
INFO:root:[None, None, None, None, None, None, None, None, None, None, None, None, None, 'xx', None]
INFO:root:[None, 'xx', None, None, None, None, None, None, None, None, None, None, None, None, None]
INFO:root:[None, None, None, None, None, 'xx', None, None, None, None, None, None, None, None, None]
INFO:root:[None, None, None, None, None, None, None, 'xx', None, None, None, None, None, None, None]
INFO:root:[None, None, None, None, None, None, None, None, None, None, None, 'xx', None, None, None]
INFO:root:Queen with index 0 placed on column 9
INFO:root:Queen with index 1 placed on column 6
INFO:root:Queen with index 2 placed on column 4
INFO:root:Queen with index 3 placed on column 2
INFO:root:Queen with index 4 placed on column 0
INFO:root:Queen with index 5 placed on column 3
INFO:root:Queen with index 6 placed on column 12
INFO:root:Queen with index 7 placed on column 14
INFO:root:Queen with index 8 placed on column 8
INFO:root:Queen with index 9 placed on column 10
INFO:root:Queen with index 10 placed on column 13
INFO:root:Queen with index 11 placed on column 1
INFO:root:Queen with index 12 placed on column 5
INFO:root:Queen with index 13 placed on column 7
INFO:root:Queen with index 14 placed on column 11
INFO:root:~~~~~~~~~~~~~~~~~~~~~~~~~~~~~~~~~~~~~~~~~~~~~~~~~~~~~~~~~~~~
INFO:root:~~~~~~ The result for the file with the name = instances/block-15-84-2.txt ~~~~~~~~~
INFO:root:Domain of queen with 0 is set()
INFO:root:Domain of queen with 1 is set()
INFO:root:Domain of queen with 2 is {10}
INFO:root:Domain of queen with 3 is set()
INFO:root:Domain of queen with 4 is set()
INFO:root:Domain of queen with 5 is set()
INFO:root:Domain of queen with 6 is set()
INFO:root:Domain of queen with 7 is set()
INFO:root:Domain of queen with 8 is set()
INFO:root:Domain of queen with 9 is set()
INFO:root:Domain of queen with 10 is set()
INFO:root:Domain of queen with 11 is set()
INFO:root:Domain of queen with 12 is set()
INFO:root:Domain of queen with 13 is set()
INFO:root:Domain of queen with 14 is set()
INFO:root:[None, None, None, None, None, 'xx', None, None, None, None, None, None, None, None, None]
INFO:root:[None, None, None, None, None, None, None, None, 'xx', None, None, None, None, None, None]
INFO:root:[None, None, None, None, None, None, None, None, None, None, 'xx', None, None, None, None]
INFO:root:['xx', None, None, None, None, None, None, None, None, None, None, None, None, None, None]
INFO:root:[None, None, None, 'xx', None, None, None, None, None, None, None, None, None, None, None]
INFO:root:[None, None, None, None, None, None, 'xx', None, None, None, None, None, None, None, None]
INFO:root:[None, None, 'xx', None, None, None, None, None, None, None, None, None, None, None, None]
INFO:root:[None, None, None, None, None, None, None, None, None, None, None, 'xx', None, None, None]
INFO:root:[None, None, None, None, None, None, None, None, None, None, None, None, None, None, 'xx']
INFO:root:[None, 'xx', None, None, None, None, None, None, None, None, None, None, None, None, None]
INFO:root:[None, None, None, None, None, None, None, None, None, None, None, None, None, 'xx', None]
INFO:root:[None, None, None, None, None, None, None, None, None, 'xx', None, None, None, None, None]
INFO:root:[None, None, None, None, None, None, None, None, None, None, None, None, 'xx', None, None]
INFO:root:[None, None, None, None, 'xx', None, None, None, None, None, None, None, None, None, None]
INFO:root:[None, None, None, None, None, None, None, 'xx', None, None, None, None, None, None, None]
INFO:root:Queen with index 0 placed on column 5
INFO:root:Queen with index 1 placed on column 8
INFO:root:Queen with index 2 placed on column 10
INFO:root:Queen with index 3 placed on column 0
INFO:root:Queen with index 4 placed on column 3
INFO:root:Queen with index 5 placed on column 6
INFO:root:Queen with index 6 placed on column 2
INFO:root:Queen with index 7 placed on column 11
INFO:root:Queen with index 8 placed on column 14
INFO:root:Queen with index 9 placed on column 1
INFO:root:Queen with index 10 placed on column 13
INFO:root:Queen with index 11 placed on column 9
INFO:root:Queen with index 12 placed on column 12
INFO:root:Queen with index 13 placed on column 4
INFO:root:Queen with index 14 placed on column 7
INFO:root:~~~~~~~~~~~~~~~~~~~~~~~~~~~~~~~~~~~~~~~~~~~~~~~~~~~~~~~~~~~~
INFO:root:TESTS PASSED: 20/20
INFO:root:~~~~~~~~~~~~~~~~~~~~~~~~~~~~~~~~~~~~~~~~~~~~~~~~~~~~~~~~~~~~
